

Version:	3.12
CmdLine:	C:\Users\Acer\Desktop\New Folder\RandomIDGenerator.exe --l4j-debug
WOW64:		yes
Java min ver:	1.008.000_202
Java max ver:	
Bundled JRE:	C:\Program Files\Java\jdk1.8.0_202\bin
Check launcher:	C:\Program Files\Java\jdk1.8.0_202\bin\bin\javaw.exe (not found)
64-bit search:	SOFTWARE\JavaSoft\Java Runtime Environment...
Check:		SOFTWARE\JavaSoft\Java Runtime Environment\1.8
Ignore:		1.008.000
Check:		SOFTWARE\JavaSoft\Java Runtime Environment\1.8.0_202
Check launcher:	C:\Program Files\Java\jre1.8.0_202\bin\javaw.exe (OK)
Match:		1.008.000_202
64-bit search:	SOFTWARE\JavaSoft\Java Development Kit...
Check:		SOFTWARE\JavaSoft\Java Development Kit\1.8
Ignore:		1.008.000
Check:		SOFTWARE\JavaSoft\Java Development Kit\1.8.0_202
Ignore:		1.008.000_202
64-bit search:	SOFTWARE\JavaSoft\JRE...
64-bit search:	SOFTWARE\JavaSoft\JDK...
Runtime used:	1.008.000_202 (64-bit)
Substitute:	EXEDIR = C:\Users\Acer\Desktop\New Folder
Launcher:	C:\Program Files\Java\jre1.8.0_202\bin\javaw.exe
Launcher args:	-Dlaunch4j.exedir="C:\Users\Acer\Desktop\New Folder" -jar "C:\Users\Acer\Desktop\New Folder\RandomIDGenerator.exe"
Args length:	114/32768 chars
Exit code:	0


Version:	3.12
CmdLine:	C:\Users\Acer\Desktop\New Folder\RandomIDGenerator.exe --l4j-debug
WOW64:		yes
Java min ver:	1.008.000_202
Java max ver:	
Bundled JRE:	C:\Program Files\Java\jdk1.8.0_202\bin
Check launcher:	C:\Program Files\Java\jdk1.8.0_202\bin\bin\javaw.exe (not found)
64-bit search:	SOFTWARE\JavaSoft\Java Runtime Environment...
Check:		SOFTWARE\JavaSoft\Java Runtime Environment\1.8
Ignore:		1.008.000
Check:		SOFTWARE\JavaSoft\Java Runtime Environment\1.8.0_202
Check launcher:	C:\Program Files\Java\jre1.8.0_202\bin\javaw.exe (OK)
Match:		1.008.000_202
64-bit search:	SOFTWARE\JavaSoft\Java Development Kit...
Check:		SOFTWARE\JavaSoft\Java Development Kit\1.8
Ignore:		1.008.000
Check:		SOFTWARE\JavaSoft\Java Development Kit\1.8.0_202
Ignore:		1.008.000_202
64-bit search:	SOFTWARE\JavaSoft\JRE...
64-bit search:	SOFTWARE\JavaSoft\JDK...
Runtime used:	1.008.000_202 (64-bit)
Substitute:	EXEDIR = C:\Users\Acer\Desktop\New Folder
Launcher:	C:\Program Files\Java\jre1.8.0_202\bin\javaw.exe
Launcher args:	-Dlaunch4j.exedir="C:\Users\Acer\Desktop\New Folder" -jar "C:\Users\Acer\Desktop\New Folder\RandomIDGenerator.exe"
Args length:	114/32768 chars
Exit code:	0
